[debug] [2023-07-27T09:57:18.509Z] ----------------------------------------------------------------------
[debug] [2023-07-27T09:57:18.511Z] Command:       /opt/homebrew/Cellar/node/20.2.0/bin/node /opt/homebrew/bin/firebase init
[debug] [2023-07-27T09:57:18.511Z] CLI Version:   12.4.4
[debug] [2023-07-27T09:57:18.511Z] Platform:      darwin
[debug] [2023-07-27T09:57:18.512Z] Node Version:  v20.2.0
[debug] [2023-07-27T09:57:18.512Z] Time:          Thu Jul 27 2023 11:57:18 GMT+0200 (Central European Summer Time)
[debug] [2023-07-27T09:57:18.512Z] ----------------------------------------------------------------------
[debug] 
[debug] [2023-07-27T09:57:18.550Z] > command requires scopes: ["email","openid","https://www.googleapis.com/auth/cloudplatformprojects.readonly","https://www.googleapis.com/auth/firebase","https://www.googleapis.com/auth/cloud-platform"]
[debug] [2023-07-27T09:57:18.550Z] > authorizing via signed-in user (bkspoudel@gmail.com)
[info] 
     ######## #### ########  ######## ########     ###     ######  ########
     ##        ##  ##     ## ##       ##     ##  ##   ##  ##       ##
     ######    ##  ########  ######   ########  #########  ######  ######
     ##        ##  ##    ##  ##       ##     ## ##     ##       ## ##
     ##       #### ##     ## ######## ########  ##     ##  ######  ########

You're about to initialize a Firebase project in this directory:

  /Users/bhuwanpoudel/personnel/my-family

Before we get started, keep in mind:

  * You are initializing within an existing Firebase project directory

[info] 
=== Project Setup
[info] 
[info] First, let's associate this project directory with a Firebase project.
[info] You can create multiple project aliases by running firebase use --add, 
[info] but for now we'll just set up a default project.
[info] 
[debug] [2023-07-27T09:57:24.205Z] Using project from CLI flag: angular-project-866ab
[debug] [2023-07-27T09:57:24.207Z] >>> [apiv2][query] GET https://firebase.googleapis.com/v1beta1/projects/angular-project-866ab [none]
[debug] [2023-07-27T09:57:24.487Z] <<< [apiv2][status] GET https://firebase.googleapis.com/v1beta1/projects/angular-project-866ab 200
[debug] [2023-07-27T09:57:24.487Z] <<< [apiv2][body] GET https://firebase.googleapis.com/v1beta1/projects/angular-project-866ab {"projectId":"angular-project-866ab","projectNumber":"448162962041","displayName":"angular-project","name":"projects/angular-project-866ab","resources":{"hostingSite":"angular-project-866ab","realtimeDatabaseInstance":"angular-project-866ab-default-rtdb"},"state":"ACTIVE","etag":"1_9933ff05-6db7-4cb9-bb3c-cca106ba09c3"}
[info] i  Using project angular-project-866ab (angular-project) 
[info] 
=== Hosting Setup
[info] 
[info] Your public directory is the folder (relative to your project directory) that
[info] will contain Hosting assets to be uploaded with firebase deploy. If you
[info] have a build process for your assets, use your build's output directory.
[info] 
[debug] [2023-07-27T09:59:12.109Z] Error: read EIO
    at TTY.onStreamRead (node:internal/stream_base_commons:217:20)
